<?xml version="1.0" encoding="UTF-8"?>
<!-- Generated by org.testng.reporters.JUnitReportReporter -->
<testsuite skipped="0" hostname="DESKTOP-CSC3PTP" name="com.leaftaps.testcases.TC001_VerifyLogin" tests="1" failures="0" timestamp="2023-06-10T17:16:14 IST" time="26.693" errors="0">
  <testcase name="runLogin" time="26.693" classname="com.leaftaps.testcases.TC001_VerifyLogin"/>
  <system-out/>
</testsuite> <!-- com.leaftaps.testcases.TC001_VerifyLogin -->
