<?xml version="1.0" encoding="UTF-8"?>
<!-- Generated by org.testng.reporters.JUnitReportReporter -->
<testsuite skipped="1" hostname="DESKTOP-CSC3PTP" name="com.leaftaps.testcases.TC001_VerifyLogin" tests="2" failures="0" timestamp="2023-05-16T22:01:00 IST" time="18.921" errors="1">
  <testcase name="runLogin" time="0.000" classname="com.leaftaps.testcases.TC001_VerifyLogin">
    <skipped/>
  </testcase> <!-- runLogin -->
  <system-out/>
  <testcase name="preCondition" time="18.921" classname="com.leaftaps.testcases.TC001_VerifyLogin">
    <error type="java.lang.StackOverflowError">
      <![CDATA[java.lang.StackOverflowError
at com.framework.selenium.api.base.SeleniumBase.takeSnap(SeleniumBase.java:840)
at com.framework.utils.Reporter.reportStep(Reporter.java:87)
at com.framework.utils.Reporter.reportStep(Reporter.java:110)
at com.framework.selenium.api.base.SeleniumBase.takeSnap(SeleniumBase.java:848)
at com.framework.utils.Reporter.reportStep(Reporter.java:87)
at com.framework.utils.Reporter.reportStep(Reporter.java:110)
at com.framework.selenium.api.base.SeleniumBase.takeSnap(SeleniumBase.java:848)
at com.framework.utils.Reporter.reportStep(Reporter.java:87)
at com.framework.utils.Reporter.reportStep(Reporter.java:110)
at com.framework.selenium.api.base.SeleniumBase.takeSnap(SeleniumBase.java:848)
at com.framework.utils.Reporter.reportStep(Reporter.java:87)
at com.framework.utils.Reporter.reportStep(Reporter.java:110)
at com.framework.selenium.api.base.SeleniumBase.takeSnap(SeleniumBase.java:848)
at com.framework.utils.Reporter.reportStep(Reporter.java:87)
at com.framework.utils.Reporter.reportStep(Reporter.java:110)
at com.framework.selenium.api.base.SeleniumBase.takeSnap(SeleniumBase.java:848)
at com.framework.utils.Reporter.reportStep(Reporter.java:87)
at com.framework.utils.Reporter.reportStep(Reporter.java:110)
at com.framework.selenium.api.base.SeleniumBase.takeSnap(SeleniumBase.java:848)
at com.framework.utils.Reporter.reportStep(Reporter.java:87)
at com.framework.utils.Reporter.reportStep(Reporter.java:110)
at com.framework.selenium.api.base.SeleniumBase.takeSnap(SeleniumBase.java:848)
at com.framework.utils.Reporter.reportStep(Reporter.java:87)
at com.framework.utils.Reporter.reportStep(Reporter.java:110)
at com.framework.selenium.api.base.SeleniumBase.takeSnap(SeleniumBase.java:848)
at com.framework.utils.Reporter.reportStep(Reporter.java:87)
at com.framework.utils.Reporter.reportStep(Reporter.java:110)
at com.framework.selenium.api.base.SeleniumBase.takeSnap(SeleniumBase.java:848)
at com.framework.utils.Reporter.reportStep(Reporter.java:87)
at com.framework.utils.Reporter.reportStep(Reporter.java:110)
at com.framework.selenium.api.base.SeleniumBase.takeSnap(SeleniumBase.java:848)
at com.framework.utils.Reporter.reportStep(Reporter.java:87)
at com.framework.utils.Reporter.reportStep(Reporter.java:110)
at com.framework.selenium.api.base.SeleniumBase.takeSnap(SeleniumBase.java:848)
at com.framework.utils.Reporter.reportStep(Reporter.java:87)
at com.framework.utils.Reporter.reportStep(Reporter.java:110)
at com.framework.selenium.api.base.SeleniumBase.takeSnap(SeleniumBase.java:848)
at com.framework.utils.Reporter.reportStep(Reporter.java:87)
at com.framework.utils.Reporter.reportStep(Reporter.java:110)
at com.framework.selenium.api.base.SeleniumBase.takeSnap(SeleniumBase.java:848)
at com.framework.utils.Reporter.reportStep(Reporter.java:87)
at com.framework.utils.Reporter.reportStep(Reporter.java:110)
at com.framework.selenium.api.base.SeleniumBase.takeSnap(SeleniumBase.java:848)
at com.framework.utils.Reporter.reportStep(Reporter.java:87)
at com.framework.utils.Reporter.reportStep(Reporter.java:110)
at com.framework.selenium.api.base.SeleniumBase.takeSnap(SeleniumBase.java:848)
at com.framework.utils.Reporter.reportStep(Reporter.java:87)
at com.framework.utils.Reporter.reportStep(Reporter.java:110)
at com.framework.selenium.api.base.SeleniumBase.takeSnap(SeleniumBase.java:848)
at com.framework.utils.Reporter.reportStep(Reporter.java:87)
at com.framework.utils.Reporter.reportStep(Reporter.java:110)
at com.framework.selenium.api.base.SeleniumBase.takeSnap(SeleniumBase.java:848)
at com.framework.utils.Reporter.reportStep(Reporter.java:87)
at com.framework.utils.Reporter.reportStep(Reporter.java:110)
at com.framework.selenium.api.base.SeleniumBase.takeSnap(SeleniumBase.java:848)
at com.framework.utils.Reporter.reportStep(Reporter.java:87)
at com.framework.utils.Reporter.reportStep(Reporter.java:110)
at com.framework.selenium.api.base.SeleniumBase.takeSnap(SeleniumBase.java:848)
at com.framework.utils.Reporter.reportStep(Reporter.java:87)
at com.framework.utils.Reporter.reportStep(Reporter.java:110)
at com.framework.selenium.api.base.SeleniumBase.takeSnap(SeleniumBase.java:848)
at com.framework.utils.Reporter.reportStep(Reporter.java:87)
at com.framework.utils.Reporter.reportStep(Reporter.java:110)
at com.framework.selenium.api.base.SeleniumBase.takeSnap(SeleniumBase.java:848)
at com.framework.utils.Reporter.reportStep(Reporter.java:87)
at com.framework.utils.Reporter.reportStep(Reporter.java:110)
at com.framework.selenium.api.base.SeleniumBase.takeSnap(SeleniumBase.java:848)
at com.framework.utils.Reporter.reportStep(Reporter.java:87)
at com.framework.utils.Reporter.reportStep(Reporter.java:110)
at com.framework.selenium.api.base.SeleniumBase.takeSnap(SeleniumBase.java:848)
at com.framework.utils.Reporter.reportStep(Reporter.java:87)
at com.framework.utils.Reporter.reportStep(Reporter.java:110)
at com.framework.selenium.api.base.SeleniumBase.takeSnap(SeleniumBase.java:848)
at com.framework.utils.Reporter.reportStep(Reporter.java:87)
at com.framework.utils.Reporter.reportStep(Reporter.java:110)
at com.framework.selenium.api.base.SeleniumBase.takeSnap(SeleniumBase.java:848)
at com.framework.utils.Reporter.reportStep(Reporter.java:87)
at com.framework.utils.Reporter.reportStep(Reporter.java:110)
at com.framework.selenium.api.base.SeleniumBase.takeSnap(SeleniumBase.java:848)
at com.framework.utils.Reporter.reportStep(Reporter.java:87)
at com.framework.utils.Reporter.reportStep(Reporter.java:110)
at com.framework.selenium.api.base.SeleniumBase.takeSnap(SeleniumBase.java:848)
at com.framework.utils.Reporter.reportStep(Reporter.java:87)
at com.framework.utils.Reporter.reportStep(Reporter.java:110)
at com.framework.selenium.api.base.SeleniumBase.takeSnap(SeleniumBase.java:848)
at com.framework.utils.Reporter.reportStep(Reporter.java:87)
at com.framework.utils.Reporter.reportStep(Reporter.java:110)
at com.framework.selenium.api.base.SeleniumBase.takeSnap(SeleniumBase.java:848)
at com.framework.utils.Reporter.reportStep(Reporter.java:87)
at com.framework.utils.Reporter.reportStep(Reporter.java:110)
at com.framework.selenium.api.base.SeleniumBase.takeSnap(SeleniumBase.java:848)
at com.framework.utils.Reporter.reportStep(Reporter.java:87)
at com.framework.utils.Reporter.reportStep(Reporter.java:110)
at com.framework.selenium.api.base.SeleniumBase.takeSnap(SeleniumBase.java:848)
at com.framework.utils.Reporter.reportStep(Reporter.java:87)
at com.framework.utils.Reporter.reportStep(Reporter.java:110)
at com.framework.selenium.api.base.SeleniumBase.takeSnap(SeleniumBase.java:848)
at com.framework.utils.Reporter.reportStep(Reporter.java:87)
at com.framework.utils.Reporter.reportStep(Reporter.java:110)
at com.framework.selenium.api.base.SeleniumBase.takeSnap(SeleniumBase.java:848)
at com.framework.utils.Reporter.reportStep(Reporter.java:87)
at com.framework.utils.Reporter.reportStep(Reporter.java:110)
at com.framework.selenium.api.base.SeleniumBase.takeSnap(SeleniumBase.java:848)
at com.framework.utils.Reporter.reportStep(Reporter.java:87)
at com.framework.utils.Reporter.reportStep(Reporter.java:110)
at com.framework.selenium.api.base.SeleniumBase.takeSnap(SeleniumBase.java:848)
at com.framework.utils.Reporter.reportStep(Reporter.java:87)
at com.framework.utils.Reporter.reportStep(Reporter.java:110)
at com.framework.selenium.api.base.SeleniumBase.takeSnap(SeleniumBase.java:848)
at com.framework.utils.Reporter.reportStep(Reporter.java:87)
at com.framework.utils.Reporter.reportStep(Reporter.java:110)
at com.framework.selenium.api.base.SeleniumBase.takeSnap(SeleniumBase.java:848)
at com.framework.utils.Reporter.reportStep(Reporter.java:87)
at com.framework.utils.Reporter.reportStep(Reporter.java:110)
at com.framework.selenium.api.base.SeleniumBase.takeSnap(SeleniumBase.java:848)
at com.framework.utils.Reporter.reportStep(Reporter.java:87)
at com.framework.utils.Reporter.reportStep(Reporter.java:110)
at com.framework.selenium.api.base.SeleniumBase.takeSnap(SeleniumBase.java:848)
at com.framework.utils.Reporter.reportStep(Reporter.java:87)
at com.framework.utils.Reporter.reportStep(Reporter.java:110)
at com.framework.selenium.api.base.SeleniumBase.takeSnap(SeleniumBase.java:848)
at com.framework.utils.Reporter.reportStep(Reporter.java:87)
at com.framework.utils.Reporter.reportStep(Reporter.java:110)
at com.framework.selenium.api.base.SeleniumBase.takeSnap(SeleniumBase.java:848)
at com.framework.utils.Reporter.reportStep(Reporter.java:87)
at com.framework.utils.Reporter.reportStep(Reporter.java:110)
at com.framework.selenium.api.base.SeleniumBase.takeSnap(SeleniumBase.java:848)
at com.framework.utils.Reporter.reportStep(Reporter.java:87)
at com.framework.utils.Reporter.reportStep(Reporter.java:110)
at com.framework.selenium.api.base.SeleniumBase.takeSnap(SeleniumBase.java:848)
at com.framework.utils.Reporter.reportStep(Reporter.java:87)
at com.framework.utils.Reporter.reportStep(Reporter.java:110)
at com.framework.selenium.api.base.SeleniumBase.takeSnap(SeleniumBase.java:848)
at com.framework.utils.Reporter.reportStep(Reporter.java:87)
at com.framework.utils.Reporter.reportStep(Reporter.java:110)
at com.framework.selenium.api.base.SeleniumBase.takeSnap(SeleniumBase.java:848)
at com.framework.utils.Reporter.reportStep(Reporter.java:87)
at com.framework.utils.Reporter.reportStep(Reporter.java:110)
at com.framework.selenium.api.base.SeleniumBase.takeSnap(SeleniumBase.java:848)
at com.framework.utils.Reporter.reportStep(Reporter.java:87)
at com.framework.utils.Reporter.reportStep(Reporter.java:110)
at com.framework.selenium.api.base.SeleniumBase.takeSnap(SeleniumBase.java:848)
at com.framework.utils.Reporter.reportStep(Reporter.java:87)
at com.framework.utils.Reporter.reportStep(Reporter.java:110)
at com.framework.selenium.api.base.SeleniumBase.takeSnap(SeleniumBase.java:848)
at com.framework.utils.Reporter.reportStep(Reporter.java:87)
at com.framework.utils.Reporter.reportStep(Reporter.java:110)
at com.framework.selenium.api.base.SeleniumBase.takeSnap(SeleniumBase.java:848)
at com.framework.utils.Reporter.reportStep(Reporter.java:87)
at com.framework.utils.Reporter.reportStep(Reporter.java:110)
at com.framework.selenium.api.base.SeleniumBase.takeSnap(SeleniumBase.java:848)
at com.framework.utils.Reporter.reportStep(Reporter.java:87)
at com.framework.utils.Reporter.reportStep(Reporter.java:110)
at com.framework.selenium.api.base.SeleniumBase.takeSnap(SeleniumBase.java:848)
at com.framework.utils.Reporter.reportStep(Reporter.java:87)
at com.framework.utils.Reporter.reportStep(Reporter.java:110)
at com.framework.selenium.api.base.SeleniumBase.takeSnap(SeleniumBase.java:848)
at com.framework.utils.Reporter.reportStep(Reporter.java:87)
at com.framework.utils.Reporter.reportStep(Reporter.java:110)
at com.framework.selenium.api.base.SeleniumBase.takeSnap(SeleniumBase.java:848)
at com.framework.utils.Reporter.reportStep(Reporter.java:87)
at com.framework.utils.Reporter.reportStep(Reporter.java:110)
at com.framework.selenium.api.base.SeleniumBase.takeSnap(SeleniumBase.java:848)
at com.framework.utils.Reporter.reportStep(Reporter.java:87)
at com.framework.utils.Reporter.reportStep(Reporter.java:110)
at com.framework.selenium.api.base.SeleniumBase.takeSnap(SeleniumBase.java:848)
at com.framework.utils.Reporter.reportStep(Reporter.java:87)
at com.framework.utils.Reporter.reportStep(Reporter.java:110)
at com.framework.selenium.api.base.SeleniumBase.takeSnap(SeleniumBase.java:848)
at com.framework.utils.Reporter.reportStep(Reporter.java:87)
at com.framework.utils.Reporter.reportStep(Reporter.java:110)
at com.framework.selenium.api.base.SeleniumBase.takeSnap(SeleniumBase.java:848)
at com.framework.utils.Reporter.reportStep(Reporter.java:87)
at com.framework.utils.Reporter.reportStep(Reporter.java:110)
at com.framework.selenium.api.base.SeleniumBase.takeSnap(SeleniumBase.java:848)
at com.framework.utils.Reporter.reportStep(Reporter.java:87)
at com.framework.utils.Reporter.reportStep(Reporter.java:110)
at com.framework.selenium.api.base.SeleniumBase.takeSnap(SeleniumBase.java:848)
at com.framework.utils.Reporter.reportStep(Reporter.java:87)
at com.framework.utils.Reporter.reportStep(Reporter.java:110)
at com.framework.selenium.api.base.SeleniumBase.takeSnap(SeleniumBase.java:848)
at com.framework.utils.Reporter.reportStep(Reporter.java:87)
at com.framework.utils.Reporter.reportStep(Reporter.java:110)
at com.framework.selenium.api.base.SeleniumBase.takeSnap(SeleniumBase.java:848)
at com.framework.utils.Reporter.reportStep(Reporter.java:87)
at com.framework.utils.Reporter.reportStep(Reporter.java:110)
at com.framework.selenium.api.base.SeleniumBase.takeSnap(SeleniumBase.java:848)
at com.framework.utils.Reporter.reportStep(Reporter.java:87)
at com.framework.utils.Reporter.reportStep(Reporter.java:110)
at com.framework.selenium.api.base.SeleniumBase.takeSnap(SeleniumBase.java:848)
at com.framework.utils.Reporter.reportStep(Reporter.java:87)
at com.framework.utils.Reporter.reportStep(Reporter.java:110)
at com.framework.selenium.api.base.SeleniumBase.takeSnap(SeleniumBase.java:848)
at com.framework.utils.Reporter.reportStep(Reporter.java:87)
at com.framework.utils.Reporter.reportStep(Reporter.java:110)
at com.framework.selenium.api.base.SeleniumBase.takeSnap(SeleniumBase.java:848)
at com.framework.utils.Reporter.reportStep(Reporter.java:87)
at com.framework.utils.Reporter.reportStep(Reporter.java:110)
at com.framework.selenium.api.base.SeleniumBase.takeSnap(SeleniumBase.java:848)
at com.framework.utils.Reporter.reportStep(Reporter.java:87)
at com.framework.utils.Reporter.reportStep(Reporter.java:110)
at com.framework.selenium.api.base.SeleniumBase.takeSnap(SeleniumBase.java:848)
at com.framework.utils.Reporter.reportStep(Reporter.java:87)
at com.framework.utils.Reporter.reportStep(Reporter.java:110)
at com.framework.selenium.api.base.SeleniumBase.takeSnap(SeleniumBase.java:848)
at com.framework.utils.Reporter.reportStep(Reporter.java:87)
at com.framework.utils.Reporter.reportStep(Reporter.java:110)
at com.framework.selenium.api.base.SeleniumBase.takeSnap(SeleniumBase.java:848)
at com.framework.utils.Reporter.reportStep(Reporter.java:87)
at com.framework.utils.Reporter.reportStep(Reporter.java:110)
at com.framework.selenium.api.base.SeleniumBase.takeSnap(SeleniumBase.java:848)
at com.framework.utils.Reporter.reportStep(Reporter.java:87)
at com.framework.utils.Reporter.reportStep(Reporter.java:110)
at com.framework.selenium.api.base.SeleniumBase.takeSnap(SeleniumBase.java:848)
at com.framework.utils.Reporter.reportStep(Reporter.java:87)
at com.framework.utils.Reporter.reportStep(Reporter.java:110)
at com.framework.selenium.api.base.SeleniumBase.takeSnap(SeleniumBase.java:848)
at com.framework.utils.Reporter.reportStep(Reporter.java:87)
at com.framework.utils.Reporter.reportStep(Reporter.java:110)
at com.framework.selenium.api.base.SeleniumBase.takeSnap(SeleniumBase.java:848)
at com.framework.utils.Reporter.reportStep(Reporter.java:87)
at com.framework.utils.Reporter.reportStep(Reporter.java:110)
at com.framework.selenium.api.base.SeleniumBase.takeSnap(SeleniumBase.java:848)
at com.framework.utils.Reporter.reportStep(Reporter.java:87)
at com.framework.utils.Reporter.reportStep(Reporter.java:110)
at com.framework.selenium.api.base.SeleniumBase.takeSnap(SeleniumBase.java:848)
at com.framework.utils.Reporter.reportStep(Reporter.java:87)
at com.framework.utils.Reporter.reportStep(Reporter.java:110)
at com.framework.selenium.api.base.SeleniumBase.takeSnap(SeleniumBase.java:848)
at com.framework.utils.Reporter.reportStep(Reporter.java:87)
at com.framework.utils.Reporter.reportStep(Reporter.java:110)
at com.framework.selenium.api.base.SeleniumBase.takeSnap(SeleniumBase.java:848)
at com.framework.utils.Reporter.reportStep(Reporter.java:87)
at com.framework.utils.Reporter.reportStep(Reporter.java:110)
at com.framework.selenium.api.base.SeleniumBase.takeSnap(SeleniumBase.java:848)
at com.framework.utils.Reporter.reportStep(Reporter.java:87)
at com.framework.utils.Reporter.reportStep(Reporter.java:110)
at com.framework.selenium.api.base.SeleniumBase.takeSnap(SeleniumBase.java:848)
at com.framework.utils.Reporter.reportStep(Reporter.java:87)
at com.framework.utils.Reporter.reportStep(Reporter.java:110)
at com.framework.selenium.api.base.SeleniumBase.takeSnap(SeleniumBase.java:848)
at com.framework.utils.Reporter.reportStep(Reporter.java:87)
at com.framework.utils.Reporter.reportStep(Reporter.java:110)
at com.framework.selenium.api.base.SeleniumBase.takeSnap(SeleniumBase.java:848)
at com.framework.utils.Reporter.reportStep(Reporter.java:87)
at com.framework.utils.Reporter.reportStep(Reporter.java:110)
at com.framework.selenium.api.base.SeleniumBase.takeSnap(SeleniumBase.java:848)
at com.framework.utils.Reporter.reportStep(Reporter.java:87)
at com.framework.utils.Reporter.reportStep(Reporter.java:110)
at com.framework.selenium.api.base.SeleniumBase.takeSnap(SeleniumBase.java:848)
at com.framework.utils.Reporter.reportStep(Reporter.java:87)
at com.framework.utils.Reporter.reportStep(Reporter.java:110)
at com.framework.selenium.api.base.SeleniumBase.takeSnap(SeleniumBase.java:848)
at com.framework.utils.Reporter.reportStep(Reporter.java:87)
at com.framework.utils.Reporter.reportStep(Reporter.java:110)
at com.framework.selenium.api.base.SeleniumBase.takeSnap(SeleniumBase.java:848)
at com.framework.utils.Reporter.reportStep(Reporter.java:87)
at com.framework.utils.Reporter.reportStep(Reporter.java:110)
at com.framework.selenium.api.base.SeleniumBase.takeSnap(SeleniumBase.java:848)
at com.framework.utils.Reporter.reportStep(Reporter.java:87)
at com.framework.utils.Reporter.reportStep(Reporter.java:110)
at com.framework.selenium.api.base.SeleniumBase.takeSnap(SeleniumBase.java:848)
at com.framework.utils.Reporter.reportStep(Reporter.java:87)
at com.framework.utils.Reporter.reportStep(Reporter.java:110)
at com.framework.selenium.api.base.SeleniumBase.takeSnap(SeleniumBase.java:848)
at com.framework.utils.Reporter.reportStep(Reporter.java:87)
at com.framework.utils.Reporter.reportStep(Reporter.java:110)
at com.framework.selenium.api.base.SeleniumBase.takeSnap(SeleniumBase.java:848)
at com.framework.utils.Reporter.reportStep(Reporter.java:87)
at com.framework.utils.Reporter.reportStep(Reporter.java:110)
at com.framework.selenium.api.base.SeleniumBase.takeSnap(SeleniumBase.java:848)
at com.framework.utils.Reporter.reportStep(Reporter.java:87)
at com.framework.utils.Reporter.reportStep(Reporter.java:110)
at com.framework.selenium.api.base.SeleniumBase.takeSnap(SeleniumBase.java:848)
at com.framework.utils.Reporter.reportStep(Reporter.java:87)
at com.framework.utils.Reporter.reportStep(Reporter.java:110)
at com.framework.selenium.api.base.SeleniumBase.takeSnap(SeleniumBase.java:848)
at com.framework.utils.Reporter.reportStep(Reporter.java:87)
at com.framework.utils.Reporter.reportStep(Reporter.java:110)
at com.framework.selenium.api.base.SeleniumBase.takeSnap(SeleniumBase.java:848)
at com.framework.utils.Reporter.reportStep(Reporter.java:87)
at com.framework.utils.Reporter.reportStep(Reporter.java:110)
at com.framework.selenium.api.base.SeleniumBase.takeSnap(SeleniumBase.java:848)
at com.framework.utils.Reporter.reportStep(Reporter.java:87)
at com.framework.utils.Reporter.reportStep(Reporter.java:110)
at com.framework.selenium.api.base.SeleniumBase.takeSnap(SeleniumBase.java:848)
at com.framework.utils.Reporter.reportStep(Reporter.java:87)
at com.framework.utils.Reporter.reportStep(Reporter.java:110)
at com.framework.selenium.api.base.SeleniumBase.takeSnap(SeleniumBase.java:848)
at com.framework.utils.Reporter.reportStep(Reporter.java:87)
at com.framework.utils.Reporter.reportStep(Reporter.java:110)
at com.framework.selenium.api.base.SeleniumBase.takeSnap(SeleniumBase.java:848)
at com.framework.utils.Reporter.reportStep(Reporter.java:87)
at com.framework.utils.Reporter.reportStep(Reporter.java:110)
at com.framework.selenium.api.base.SeleniumBase.takeSnap(SeleniumBase.java:848)
at com.framework.utils.Reporter.reportStep(Reporter.java:87)
at com.framework.utils.Reporter.reportStep(Reporter.java:110)
at com.framework.selenium.api.base.SeleniumBase.takeSnap(SeleniumBase.java:848)
at com.framework.utils.Reporter.reportStep(Reporter.java:87)
at com.framework.utils.Reporter.reportStep(Reporter.java:110)
at com.framework.selenium.api.base.SeleniumBase.takeSnap(SeleniumBase.java:848)
at com.framework.utils.Reporter.reportStep(Reporter.java:87)
at com.framework.utils.Reporter.reportStep(Reporter.java:110)
at com.framework.selenium.api.base.SeleniumBase.takeSnap(SeleniumBase.java:848)
at com.framework.utils.Reporter.reportStep(Reporter.java:87)
at com.framework.utils.Reporter.reportStep(Reporter.java:110)
at com.framework.selenium.api.base.SeleniumBase.takeSnap(SeleniumBase.java:848)
at com.framework.utils.Reporter.reportStep(Reporter.java:87)
at com.framework.utils.Reporter.reportStep(Reporter.java:110)
at com.framework.selenium.api.base.SeleniumBase.takeSnap(SeleniumBase.java:848)
at com.framework.utils.Reporter.reportStep(Reporter.java:87)
at com.framework.utils.Reporter.reportStep(Reporter.java:110)
at com.framework.selenium.api.base.SeleniumBase.takeSnap(SeleniumBase.java:848)
at com.framework.utils.Reporter.reportStep(Reporter.java:87)
at com.framework.utils.Reporter.reportStep(Reporter.java:110)
at com.framework.selenium.api.base.SeleniumBase.takeSnap(SeleniumBase.java:848)
at com.framework.utils.Reporter.reportStep(Reporter.java:87)
at com.framework.utils.Reporter.reportStep(Reporter.java:110)
at com.framework.selenium.api.base.SeleniumBase.takeSnap(SeleniumBase.java:848)
at com.framework.utils.Reporter.reportStep(Reporter.java:87)
at com.framework.utils.Reporter.reportStep(Reporter.java:110)
at com.framework.selenium.api.base.SeleniumBase.takeSnap(SeleniumBase.java:848)
at com.framework.utils.Reporter.reportStep(Reporter.java:87)
at com.framework.utils.Reporter.reportStep(Reporter.java:110)
at com.framework.selenium.api.base.SeleniumBase.takeSnap(SeleniumBase.java:848)
at com.framework.utils.Reporter.reportStep(Reporter.java:87)
at com.framework.utils.Reporter.reportStep(Reporter.java:110)
at com.framework.selenium.api.base.SeleniumBase.takeSnap(SeleniumBase.java:848)
at com.framework.utils.Reporter.reportStep(Reporter.java:87)
at com.framework.utils.Reporter.reportStep(Reporter.java:110)
at com.framework.selenium.api.base.SeleniumBase.takeSnap(SeleniumBase.java:848)
at com.framework.utils.Reporter.reportStep(Reporter.java:87)
at com.framework.utils.Reporter.reportStep(Reporter.java:110)
at com.framework.selenium.api.base.SeleniumBase.takeSnap(SeleniumBase.java:848)
at com.framework.utils.Reporter.reportStep(Reporter.java:87)
at com.framework.utils.Reporter.reportStep(Reporter.java:110)
at com.framework.selenium.api.base.SeleniumBase.takeSnap(SeleniumBase.java:848)
at com.framework.utils.Reporter.reportStep(Reporter.java:87)
at com.framework.utils.Reporter.reportStep(Reporter.java:110)
at com.framework.selenium.api.base.SeleniumBase.takeSnap(SeleniumBase.java:848)
at com.framework.utils.Reporter.reportStep(Reporter.java:87)
at com.framework.utils.Reporter.reportStep(Reporter.java:110)
at com.framework.selenium.api.base.SeleniumBase.takeSnap(SeleniumBase.java:848)
at com.framework.utils.Reporter.reportStep(Reporter.java:87)
at com.framework.utils.Reporter.reportStep(Reporter.java:110)
at com.framework.selenium.api.base.SeleniumBase.takeSnap(SeleniumBase.java:848)
at com.framework.utils.Reporter.reportStep(Reporter.java:87)
at com.framework.utils.Reporter.reportStep(Reporter.java:110)
at com.framework.selenium.api.base.SeleniumBase.takeSnap(SeleniumBase.java:848)
at com.framework.utils.Reporter.reportStep(Reporter.java:87)
at com.framework.utils.Reporter.reportStep(Reporter.java:110)
at com.framework.selenium.api.base.SeleniumBase.takeSnap(SeleniumBase.java:848)
at com.framework.utils.Reporter.reportStep(Reporter.java:87)
at com.framework.utils.Reporter.reportStep(Reporter.java:110)
at com.framework.selenium.api.base.SeleniumBase.takeSnap(SeleniumBase.java:848)
at com.framework.utils.Reporter.reportStep(Reporter.java:87)
at com.framework.utils.Reporter.reportStep(Reporter.java:110)
at com.framework.selenium.api.base.SeleniumBase.takeSnap(SeleniumBase.java:848)
at com.framework.utils.Reporter.reportStep(Reporter.java:87)
at com.framework.utils.Reporter.reportStep(Reporter.java:110)
at com.framework.selenium.api.base.SeleniumBase.takeSnap(SeleniumBase.java:848)
at com.framework.utils.Reporter.reportStep(Reporter.java:87)
at com.framework.utils.Reporter.reportStep(Reporter.java:110)
at com.framework.selenium.api.base.SeleniumBase.takeSnap(SeleniumBase.java:848)
at com.framework.utils.Reporter.reportStep(Reporter.java:87)
at com.framework.utils.Reporter.reportStep(Reporter.java:110)
at com.framework.selenium.api.base.SeleniumBase.takeSnap(SeleniumBase.java:848)
at com.framework.utils.Reporter.reportStep(Reporter.java:87)
at com.framework.utils.Reporter.reportStep(Reporter.java:110)
at com.framework.selenium.api.base.SeleniumBase.takeSnap(SeleniumBase.java:848)
at com.framework.utils.Reporter.reportStep(Reporter.java:87)
at com.framework.utils.Reporter.reportStep(Reporter.java:110)
at com.framework.selenium.api.base.SeleniumBase.takeSnap(SeleniumBase.java:848)
at com.framework.utils.Reporter.reportStep(Reporter.java:87)
at com.framework.utils.Reporter.reportStep(Reporter.java:110)
at com.framework.selenium.api.base.SeleniumBase.takeSnap(SeleniumBase.java:848)
at com.framework.utils.Reporter.reportStep(Reporter.java:87)
at com.framework.utils.Reporter.reportStep(Reporter.java:110)
at com.framework.selenium.api.base.SeleniumBase.takeSnap(SeleniumBase.java:848)
at com.framework.utils.Reporter.reportStep(Reporter.java:87)
at com.framework.utils.Reporter.reportStep(Reporter.java:110)
at com.framework.selenium.api.base.SeleniumBase.takeSnap(SeleniumBase.java:848)
at com.framework.utils.Reporter.reportStep(Reporter.java:87)
at com.framework.utils.Reporter.reportStep(Reporter.java:110)
at com.framework.selenium.api.base.SeleniumBase.takeSnap(SeleniumBase.java:848)
at com.framework.utils.Reporter.reportStep(Reporter.java:87)
at com.framework.utils.Reporter.reportStep(Reporter.java:110)
at com.framework.selenium.api.base.SeleniumBase.takeSnap(SeleniumBase.java:848)
at com.framework.utils.Reporter.reportStep(Reporter.java:87)
at com.framework.utils.Reporter.reportStep(Reporter.java:110)
at com.framework.selenium.api.base.SeleniumBase.takeSnap(SeleniumBase.java:848)
at com.framework.utils.Reporter.reportStep(Reporter.java:87)
at com.framework.utils.Reporter.reportStep(Reporter.java:110)
at com.framework.selenium.api.base.SeleniumBase.takeSnap(SeleniumBase.java:848)
at com.framework.utils.Reporter.reportStep(Reporter.java:87)
at com.framework.utils.Reporter.reportStep(Reporter.java:110)
at com.framework.selenium.api.base.SeleniumBase.takeSnap(SeleniumBase.java:848)
at com.framework.utils.Reporter.reportStep(Reporter.java:87)
at com.framework.utils.Reporter.reportStep(Reporter.java:110)
at com.framework.selenium.api.base.SeleniumBase.takeSnap(SeleniumBase.java:848)
at com.framework.utils.Reporter.reportStep(Reporter.java:87)
at com.framework.utils.Reporter.reportStep(Reporter.java:110)
at com.framework.selenium.api.base.SeleniumBase.takeSnap(SeleniumBase.java:848)
at com.framework.utils.Reporter.reportStep(Reporter.java:87)
at com.framework.utils.Reporter.reportStep(Reporter.java:110)
at com.framework.selenium.api.base.SeleniumBase.takeSnap(SeleniumBase.java:848)
at com.framework.utils.Reporter.reportStep(Reporter.java:87)
at com.framework.utils.Reporter.reportStep(Reporter.java:110)
at com.framework.selenium.api.base.SeleniumBase.takeSnap(SeleniumBase.java:848)
at com.framework.utils.Reporter.reportStep(Reporter.java:87)
at com.framework.utils.Reporter.reportStep(Reporter.java:110)
at com.framework.selenium.api.base.SeleniumBase.takeSnap(SeleniumBase.java:848)
at com.framework.utils.Reporter.reportStep(Reporter.java:87)
at com.framework.utils.Reporter.reportStep(Reporter.java:110)
at com.framework.selenium.api.base.SeleniumBase.takeSnap(SeleniumBase.java:848)
at com.framework.utils.Reporter.reportStep(Reporter.java:87)
at com.framework.utils.Reporter.reportStep(Reporter.java:110)
at com.framework.selenium.api.base.SeleniumBase.takeSnap(SeleniumBase.java:848)
at com.framework.utils.Reporter.reportStep(Reporter.java:87)
at com.framework.utils.Reporter.reportStep(Reporter.java:110)
at com.framework.selenium.api.base.SeleniumBase.takeSnap(SeleniumBase.java:848)
at com.framework.utils.Reporter.reportStep(Reporter.java:87)
at com.framework.utils.Reporter.reportStep(Reporter.java:110)
at com.framework.selenium.api.base.SeleniumBase.takeSnap(SeleniumBase.java:848)
at com.framework.utils.Reporter.reportStep(Reporter.java:87)
at com.framework.utils.Reporter.reportStep(Reporter.java:110)
at com.framework.selenium.api.base.SeleniumBase.takeSnap(SeleniumBase.java:848)
at com.framework.utils.Reporter.reportStep(Reporter.java:87)
at com.framework.utils.Reporter.reportStep(Reporter.java:110)
at com.framework.selenium.api.base.SeleniumBase.takeSnap(SeleniumBase.java:848)
at com.framework.utils.Reporter.reportStep(Reporter.java:87)
at com.framework.utils.Reporter.reportStep(Reporter.java:110)
at com.framework.selenium.api.base.SeleniumBase.takeSnap(SeleniumBase.java:848)
at com.framework.utils.Reporter.reportStep(Reporter.java:87)
at com.framework.utils.Reporter.reportStep(Reporter.java:110)
at com.framework.selenium.api.base.SeleniumBase.takeSnap(SeleniumBase.java:848)
at com.framework.utils.Reporter.reportStep(Reporter.java:87)
at com.framework.utils.Reporter.reportStep(Reporter.java:110)
at com.framework.selenium.api.base.SeleniumBase.takeSnap(SeleniumBase.java:848)
at com.framework.utils.Reporter.reportStep(Reporter.java:87)
at com.framework.utils.Reporter.reportStep(Reporter.java:110)
at com.framework.selenium.api.base.SeleniumBase.takeSnap(SeleniumBase.java:848)
at com.framework.utils.Reporter.reportStep(Reporter.java:87)
at com.framework.utils.Reporter.reportStep(Reporter.java:110)
at com.framework.selenium.api.base.SeleniumBase.takeSnap(SeleniumBase.java:848)
at com.framework.utils.Reporter.reportStep(Reporter.java:87)
at com.framework.utils.Reporter.reportStep(Reporter.java:110)
at com.framework.selenium.api.base.SeleniumBase.takeSnap(SeleniumBase.java:848)
at com.framework.utils.Reporter.reportStep(Reporter.java:87)
at com.framework.utils.Reporter.reportStep(Reporter.java:110)
at com.framework.selenium.api.base.SeleniumBase.takeSnap(SeleniumBase.java:848)
at com.framework.utils.Reporter.reportStep(Reporter.java:87)
at com.framework.utils.Reporter.reportStep(Reporter.java:110)
at com.framework.selenium.api.base.SeleniumBase.takeSnap(SeleniumBase.java:848)
at com.framework.utils.Reporter.reportStep(Reporter.java:87)
at com.framework.utils.Reporter.reportStep(Reporter.java:110)
at com.framework.selenium.api.base.SeleniumBase.takeSnap(SeleniumBase.java:848)
at com.framework.utils.Reporter.reportStep(Reporter.java:87)
at com.framework.utils.Reporter.reportStep(Reporter.java:110)
at com.framework.selenium.api.base.SeleniumBase.takeSnap(SeleniumBase.java:848)
at com.framework.utils.Reporter.reportStep(Reporter.java:87)
at com.framework.utils.Reporter.reportStep(Reporter.java:110)
at com.framework.selenium.api.base.SeleniumBase.takeSnap(SeleniumBase.java:848)
at com.framework.utils.Reporter.reportStep(Reporter.java:87)
at com.framework.utils.Reporter.reportStep(Reporter.java:110)
at com.framework.selenium.api.base.SeleniumBase.takeSnap(SeleniumBase.java:848)
at com.framework.utils.Reporter.reportStep(Reporter.java:87)
at com.framework.utils.Reporter.reportStep(Reporter.java:110)
at com.framework.selenium.api.base.SeleniumBase.takeSnap(SeleniumBase.java:848)
at com.framework.utils.Reporter.reportStep(Reporter.java:87)
at com.framework.utils.Reporter.reportStep(Reporter.java:110)
at com.framework.selenium.api.base.SeleniumBase.takeSnap(SeleniumBase.java:848)
at com.framework.utils.Reporter.reportStep(Reporter.java:87)
at com.framework.utils.Reporter.reportStep(Reporter.java:110)
at com.framework.selenium.api.base.SeleniumBase.takeSnap(SeleniumBase.java:848)
at com.framework.utils.Reporter.reportStep(Reporter.java:87)
at com.framework.utils.Reporter.reportStep(Reporter.java:110)
at com.framework.selenium.api.base.SeleniumBase.takeSnap(SeleniumBase.java:848)
at com.framework.utils.Reporter.reportStep(Reporter.java:87)
at com.framework.utils.Reporter.reportStep(Reporter.java:110)
at com.framework.selenium.api.base.SeleniumBase.takeSnap(SeleniumBase.java:848)
at com.framework.utils.Reporter.reportStep(Reporter.java:87)
at com.framework.utils.Reporter.reportStep(Reporter.java:110)
at com.framework.selenium.api.base.SeleniumBase.takeSnap(SeleniumBase.java:848)
at com.framework.utils.Reporter.reportStep(Reporter.java:87)
at com.framework.utils.Reporter.reportStep(Reporter.java:110)
at com.framework.selenium.api.base.SeleniumBase.takeSnap(SeleniumBase.java:848)
at com.framework.utils.Reporter.reportStep(Reporter.java:87)
at com.framework.utils.Reporter.reportStep(Reporter.java:110)
at com.framework.selenium.api.base.SeleniumBase.takeSnap(SeleniumBase.java:848)
at com.framework.utils.Reporter.reportStep(Reporter.java:87)
at com.framework.utils.Reporter.reportStep(Reporter.java:110)
at com.framework.selenium.api.base.SeleniumBase.takeSnap(SeleniumBase.java:848)
at com.framework.utils.Reporter.reportStep(Reporter.java:87)
at com.framework.utils.Reporter.reportStep(Reporter.java:110)
at com.framework.selenium.api.base.SeleniumBase.takeSnap(SeleniumBase.java:848)
at com.framework.utils.Reporter.reportStep(Reporter.java:87)
at com.framework.utils.Reporter.reportStep(Reporter.java:110)
at com.framework.selenium.api.base.SeleniumBase.takeSnap(SeleniumBase.java:848)
at com.framework.utils.Reporter.reportStep(Reporter.java:87)
at com.framework.utils.Reporter.reportStep(Reporter.java:110)
at com.framework.selenium.api.base.SeleniumBase.takeSnap(SeleniumBase.java:848)
at com.framework.utils.Reporter.reportStep(Reporter.java:87)
at com.framework.utils.Reporter.reportStep(Reporter.java:110)
at com.framework.selenium.api.base.SeleniumBase.takeSnap(SeleniumBase.java:848)
at com.framework.utils.Reporter.reportStep(Reporter.java:87)
at com.framework.utils.Reporter.reportStep(Reporter.java:110)
at com.framework.selenium.api.base.SeleniumBase.takeSnap(SeleniumBase.java:848)
at com.framework.utils.Reporter.reportStep(Reporter.java:87)
at com.framework.utils.Reporter.reportStep(Reporter.java:110)
at com.framework.selenium.api.base.SeleniumBase.takeSnap(SeleniumBase.java:848)
at com.framework.utils.Reporter.reportStep(Reporter.java:87)
at com.framework.utils.Reporter.reportStep(Reporter.java:110)
at com.framework.selenium.api.base.SeleniumBase.takeSnap(SeleniumBase.java:848)
at com.framework.utils.Reporter.reportStep(Reporter.java:87)
at com.framework.utils.Reporter.reportStep(Reporter.java:110)
at com.framework.selenium.api.base.SeleniumBase.takeSnap(SeleniumBase.java:848)
at com.framework.utils.Reporter.reportStep(Reporter.java:87)
at com.framework.utils.Reporter.reportStep(Reporter.java:110)
at com.framework.selenium.api.base.SeleniumBase.takeSnap(SeleniumBase.java:848)
at com.framework.utils.Reporter.reportStep(Reporter.java:87)
at com.framework.utils.Reporter.reportStep(Reporter.java:110)
at com.framework.selenium.api.base.SeleniumBase.takeSnap(SeleniumBase.java:848)
at com.framework.utils.Reporter.reportStep(Reporter.java:87)
at com.framework.utils.Reporter.reportStep(Reporter.java:110)
at com.framework.selenium.api.base.SeleniumBase.takeSnap(SeleniumBase.java:848)
at com.framework.utils.Reporter.reportStep(Reporter.java:87)
at com.framework.utils.Reporter.reportStep(Reporter.java:110)
at com.framework.selenium.api.base.SeleniumBase.takeSnap(SeleniumBase.java:848)
at com.framework.utils.Reporter.reportStep(Reporter.java:87)
at com.framework.utils.Reporter.reportStep(Reporter.java:110)
at com.framework.selenium.api.base.SeleniumBase.takeSnap(SeleniumBase.java:848)
at com.framework.utils.Reporter.reportStep(Reporter.java:87)
at com.framework.utils.Reporter.reportStep(Reporter.java:110)
at com.framework.selenium.api.base.SeleniumBase.takeSnap(SeleniumBase.java:848)
at com.framework.utils.Reporter.reportStep(Reporter.java:87)
at com.framework.utils.Reporter.reportStep(Reporter.java:110)
at com.framework.selenium.api.base.SeleniumBase.takeSnap(SeleniumBase.java:848)
at com.framework.utils.Reporter.reportStep(Reporter.java:87)
at com.framework.utils.Reporter.reportStep(Reporter.java:110)
at com.framework.selenium.api.base.SeleniumBase.takeSnap(SeleniumBase.java:848)
at com.framework.utils.Reporter.reportStep(Reporter.java:87)
at com.framework.utils.Reporter.reportStep(Reporter.java:110)
at com.framework.selenium.api.base.SeleniumBase.takeSnap(SeleniumBase.java:848)
at com.framework.utils.Reporter.reportStep(Reporter.java:87)
at com.framework.utils.Reporter.reportStep(Reporter.java:110)
at com.framework.selenium.api.base.SeleniumBase.takeSnap(SeleniumBase.java:848)
at com.framework.utils.Reporter.reportStep(Reporter.java:87)
at com.framework.utils.Reporter.reportStep(Reporter.java:110)
at com.framework.selenium.api.base.SeleniumBase.takeSnap(SeleniumBase.java:848)
at com.framework.utils.Reporter.reportStep(Reporter.java:87)
at com.framework.utils.Reporter.reportStep(Reporter.java:110)
at com.framework.selenium.api.base.SeleniumBase.takeSnap(SeleniumBase.java:848)
at com.framework.utils.Reporter.reportStep(Reporter.java:87)
at com.framework.utils.Reporter.reportStep(Reporter.java:110)
at com.framework.selenium.api.base.SeleniumBase.takeSnap(SeleniumBase.java:848)
at com.framework.utils.Reporter.reportStep(Reporter.java:87)
at com.framework.utils.Reporter.reportStep(Reporter.java:110)
at com.framework.selenium.api.base.SeleniumBase.takeSnap(SeleniumBase.java:848)
at com.framework.utils.Reporter.reportStep(Reporter.java:87)
at com.framework.utils.Reporter.reportStep(Reporter.java:110)
at com.framework.selenium.api.base.SeleniumBase.takeSnap(SeleniumBase.java:848)
at com.framework.utils.Reporter.reportStep(Reporter.java:87)
at com.framework.utils.Reporter.reportStep(Reporter.java:110)
at com.framework.selenium.api.base.SeleniumBase.takeSnap(SeleniumBase.java:848)
at com.framework.utils.Reporter.reportStep(Reporter.java:87)
at com.framework.utils.Reporter.reportStep(Reporter.java:110)
at com.framework.selenium.api.base.SeleniumBase.takeSnap(SeleniumBase.java:848)
at com.framework.utils.Reporter.reportStep(Reporter.java:87)
at com.framework.utils.Reporter.reportStep(Reporter.java:110)
at com.framework.selenium.api.base.SeleniumBase.takeSnap(SeleniumBase.java:848)
at com.framework.utils.Reporter.reportStep(Reporter.java:87)
at com.framework.utils.Reporter.reportStep(Reporter.java:110)
at com.framework.selenium.api.base.SeleniumBase.takeSnap(SeleniumBase.java:848)
at com.framework.utils.Reporter.reportStep(Reporter.java:87)
at com.framework.utils.Reporter.reportStep(Reporter.java:110)
at com.framework.selenium.api.base.SeleniumBase.takeSnap(SeleniumBase.java:848)
at com.framework.utils.Reporter.reportStep(Reporter.java:87)
at com.framework.utils.Reporter.reportStep(Reporter.java:110)
at com.framework.selenium.api.base.SeleniumBase.takeSnap(SeleniumBase.java:848)
at com.framework.utils.Reporter.reportStep(Reporter.java:87)
at com.framework.utils.Reporter.reportStep(Reporter.java:110)
at com.framework.selenium.api.base.SeleniumBase.takeSnap(SeleniumBase.java:848)
at com.framework.utils.Reporter.reportStep(Reporter.java:87)
at com.framework.utils.Reporter.reportStep(Reporter.java:110)
at com.framework.selenium.api.base.SeleniumBase.takeSnap(SeleniumBase.java:848)
at com.framework.utils.Reporter.reportStep(Reporter.java:87)
at com.framework.utils.Reporter.reportStep(Reporter.java:110)
at com.framework.selenium.api.base.SeleniumBase.takeSnap(SeleniumBase.java:848)
at com.framework.utils.Reporter.reportStep(Reporter.java:87)
at com.framework.utils.Reporter.reportStep(Reporter.java:110)
at com.framework.selenium.api.base.SeleniumBase.takeSnap(SeleniumBase.java:848)
at com.framework.utils.Reporter.reportStep(Reporter.java:87)
at com.framework.utils.Reporter.reportStep(Reporter.java:110)
at com.framework.selenium.api.base.SeleniumBase.takeSnap(SeleniumBase.java:848)
at com.framework.utils.Reporter.reportStep(Reporter.java:87)
at com.framework.utils.Reporter.reportStep(Reporter.java:110)
at com.framework.selenium.api.base.SeleniumBase.takeSnap(SeleniumBase.java:848)
at com.framework.utils.Reporter.reportStep(Reporter.java:87)
at com.framework.utils.Reporter.reportStep(Reporter.java:110)
at com.framework.selenium.api.base.SeleniumBase.takeSnap(SeleniumBase.java:848)
at com.framework.utils.Reporter.reportStep(Reporter.java:87)
at com.framework.utils.Reporter.reportStep(Reporter.java:110)
at com.framework.selenium.api.base.SeleniumBase.takeSnap(SeleniumBase.java:848)
at com.framework.utils.Reporter.reportStep(Reporter.java:87)
at com.framework.utils.Reporter.reportStep(Reporter.java:110)
at com.framework.selenium.api.base.SeleniumBase.takeSnap(SeleniumBase.java:848)
at com.framework.utils.Reporter.reportStep(Reporter.java:87)
at com.framework.utils.Reporter.reportStep(Reporter.java:110)
at com.framework.selenium.api.base.SeleniumBase.takeSnap(SeleniumBase.java:848)
at com.framework.utils.Reporter.reportStep(Reporter.java:87)
at com.framework.utils.Reporter.reportStep(Reporter.java:110)
at com.framework.selenium.api.base.SeleniumBase.takeSnap(SeleniumBase.java:848)
at com.framework.utils.Reporter.reportStep(Reporter.java:87)
at com.framework.utils.Reporter.reportStep(Reporter.java:110)
at com.framework.selenium.api.base.SeleniumBase.takeSnap(SeleniumBase.java:848)
at com.framework.utils.Reporter.reportStep(Reporter.java:87)
at com.framework.utils.Reporter.reportStep(Reporter.java:110)
at com.framework.selenium.api.base.SeleniumBase.takeSnap(SeleniumBase.java:848)
at com.framework.utils.Reporter.reportStep(Reporter.java:87)
at com.framework.utils.Reporter.reportStep(Reporter.java:110)
at com.framework.selenium.api.base.SeleniumBase.takeSnap(SeleniumBase.java:848)
at com.framework.utils.Reporter.reportStep(Reporter.java:87)
at com.framework.utils.Reporter.reportStep(Reporter.java:110)
at com.framework.selenium.api.base.SeleniumBase.takeSnap(SeleniumBase.java:848)
at com.framework.utils.Reporter.reportStep(Reporter.java:87)
at com.framework.utils.Reporter.reportStep(Reporter.java:110)
at com.framework.selenium.api.base.SeleniumBase.takeSnap(SeleniumBase.java:848)
at com.framework.utils.Reporter.reportStep(Reporter.java:87)
at com.framework.utils.Reporter.reportStep(Reporter.java:110)
at com.framework.selenium.api.base.SeleniumBase.takeSnap(SeleniumBase.java:848)
at com.framework.utils.Reporter.reportStep(Reporter.java:87)
at com.framework.utils.Reporter.reportStep(Reporter.java:110)
at com.framework.selenium.api.base.SeleniumBase.takeSnap(SeleniumBase.java:848)
at com.framework.utils.Reporter.reportStep(Reporter.java:87)
at com.framework.utils.Reporter.reportStep(Reporter.java:110)
at com.framework.selenium.api.base.SeleniumBase.takeSnap(SeleniumBase.java:848)
at com.framework.utils.Reporter.reportStep(Reporter.java:87)
at com.framework.utils.Reporter.reportStep(Reporter.java:110)
at com.framework.selenium.api.base.SeleniumBase.takeSnap(SeleniumBase.java:848)
at com.framework.utils.Reporter.reportStep(Reporter.java:87)
at com.framework.utils.Reporter.reportStep(Reporter.java:110)
at com.framework.selenium.api.base.SeleniumBase.takeSnap(SeleniumBase.java:848)
at com.framework.utils.Reporter.reportStep(Reporter.java:87)
at com.framework.utils.Reporter.reportStep(Reporter.java:110)
at com.framework.selenium.api.base.SeleniumBase.takeSnap(SeleniumBase.java:848)
at com.framework.utils.Reporter.reportStep(Reporter.java:87)
at com.framework.utils.Reporter.reportStep(Reporter.java:110)
at com.framework.selenium.api.base.SeleniumBase.takeSnap(SeleniumBase.java:848)
at com.framework.utils.Reporter.reportStep(Reporter.java:87)
at com.framework.utils.Reporter.reportStep(Reporter.java:110)
at com.framework.selenium.api.base.SeleniumBase.takeSnap(SeleniumBase.java:848)
at com.framework.utils.Reporter.reportStep(Reporter.java:87)
at com.framework.utils.Reporter.reportStep(Reporter.java:110)
at com.framework.selenium.api.base.SeleniumBase.takeSnap(SeleniumBase.java:848)
at com.framework.utils.Reporter.reportStep(Reporter.java:87)
at com.framework.utils.Reporter.reportStep(Reporter.java:110)
at com.framework.selenium.api.base.SeleniumBase.takeSnap(SeleniumBase.java:848)
at com.framework.utils.Reporter.reportStep(Reporter.java:87)
at com.framework.utils.Reporter.reportStep(Reporter.java:110)
at com.framework.selenium.api.base.SeleniumBase.takeSnap(SeleniumBase.java:848)
at com.framework.utils.Reporter.reportStep(Reporter.java:87)
at com.framework.utils.Reporter.reportStep(Reporter.java:110)
at com.framework.selenium.api.base.SeleniumBase.takeSnap(SeleniumBase.java:848)
at com.framework.utils.Reporter.reportStep(Reporter.java:87)
at com.framework.utils.Reporter.reportStep(Reporter.java:110)
at com.framework.selenium.api.base.SeleniumBase.takeSnap(SeleniumBase.java:848)
at com.framework.utils.Reporter.reportStep(Reporter.java:87)
at com.framework.utils.Reporter.reportStep(Reporter.java:110)
at com.framework.selenium.api.base.SeleniumBase.takeSnap(SeleniumBase.java:848)
at com.framework.utils.Reporter.reportStep(Reporter.java:87)
at com.framework.utils.Reporter.reportStep(Reporter.java:110)
at com.framework.selenium.api.base.SeleniumBase.takeSnap(SeleniumBase.java:848)
at com.framework.utils.Reporter.reportStep(Reporter.java:87)
at com.framework.utils.Reporter.reportStep(Reporter.java:110)
at com.framework.selenium.api.base.SeleniumBase.takeSnap(SeleniumBase.java:848)
at com.framework.utils.Reporter.reportStep(Reporter.java:87)
at com.framework.utils.Reporter.reportStep(Reporter.java:110)
at com.framework.selenium.api.base.SeleniumBase.takeSnap(SeleniumBase.java:848)
at com.framework.utils.Reporter.reportStep(Reporter.java:87)
at com.framework.utils.Reporter.reportStep(Reporter.java:110)
at com.framework.selenium.api.base.SeleniumBase.takeSnap(SeleniumBase.java:848)
at com.framework.utils.Reporter.reportStep(Reporter.java:87)
at com.framework.utils.Reporter.reportStep(Reporter.java:110)
at com.framework.selenium.api.base.SeleniumBase.takeSnap(SeleniumBase.java:848)
at com.framework.utils.Reporter.reportStep(Reporter.java:87)
at com.framework.utils.Reporter.reportStep(Reporter.java:110)
at com.framework.selenium.api.base.SeleniumBase.takeSnap(SeleniumBase.java:848)
at com.framework.utils.Reporter.reportStep(Reporter.java:87)
at com.framework.utils.Reporter.reportStep(Reporter.java:110)
at com.framework.selenium.api.base.SeleniumBase.takeSnap(SeleniumBase.java:848)
at com.framework.utils.Reporter.reportStep(Reporter.java:87)
at com.framework.utils.Reporter.reportStep(Reporter.java:110)
at com.framework.selenium.api.base.SeleniumBase.takeSnap(SeleniumBase.java:848)
at com.framework.utils.Reporter.reportStep(Reporter.java:87)
at com.framework.utils.Reporter.reportStep(Reporter.java:110)
at com.framework.selenium.api.base.SeleniumBase.takeSnap(SeleniumBase.java:848)
at com.framework.utils.Reporter.reportStep(Reporter.java:87)
at com.framework.utils.Reporter.reportStep(Reporter.java:110)
at com.framework.selenium.api.base.SeleniumBase.takeSnap(SeleniumBase.java:848)
at com.framework.utils.Reporter.reportStep(Reporter.java:87)
at com.framework.utils.Reporter.reportStep(Reporter.java:110)
at com.framework.selenium.api.base.SeleniumBase.takeSnap(SeleniumBase.java:848)
at com.framework.utils.Reporter.reportStep(Reporter.java:87)
at com.framework.utils.Reporter.reportStep(Reporter.java:110)
at com.framework.selenium.api.base.SeleniumBase.takeSnap(SeleniumBase.java:848)
at com.framework.utils.Reporter.reportStep(Reporter.java:87)
at com.framework.utils.Reporter.reportStep(Reporter.java:110)
at com.framework.selenium.api.base.SeleniumBase.takeSnap(SeleniumBase.java:848)
at com.framework.utils.Reporter.reportStep(Reporter.java:87)
at com.framework.utils.Reporter.reportStep(Reporter.java:110)
at com.framework.selenium.api.base.SeleniumBase.takeSnap(SeleniumBase.java:848)
at com.framework.utils.Reporter.reportStep(Reporter.java:87)
at com.framework.utils.Reporter.reportStep(Reporter.java:110)
at com.framework.selenium.api.base.SeleniumBase.takeSnap(SeleniumBase.java:848)
at com.framework.utils.Reporter.reportStep(Reporter.java:87)
at com.framework.utils.Reporter.reportStep(Reporter.java:110)
at com.framework.selenium.api.base.SeleniumBase.takeSnap(SeleniumBase.java:848)
at com.framework.utils.Reporter.reportStep(Reporter.java:87)
at com.framework.utils.Reporter.reportStep(Reporter.java:110)
at com.framework.selenium.api.base.SeleniumBase.takeSnap(SeleniumBase.java:848)
at com.framework.utils.Reporter.reportStep(Reporter.java:87)
at com.framework.utils.Reporter.reportStep(Reporter.java:110)
at com.framework.selenium.api.base.SeleniumBase.takeSnap(SeleniumBase.java:848)
at com.framework.utils.Reporter.reportStep(Reporter.java:87)
at com.framework.utils.Reporter.reportStep(Reporter.java:110)
at com.framework.selenium.api.base.SeleniumBase.takeSnap(SeleniumBase.java:848)
at com.framework.utils.Reporter.reportStep(Reporter.java:87)
at com.framework.utils.Reporter.reportStep(Reporter.java:110)
at com.framework.selenium.api.base.SeleniumBase.takeSnap(SeleniumBase.java:848)
at com.framework.utils.Reporter.reportStep(Reporter.java:87)
at com.framework.utils.Reporter.reportStep(Reporter.java:110)
at com.framework.selenium.api.base.SeleniumBase.takeSnap(SeleniumBase.java:848)
at com.framework.utils.Reporter.reportStep(Reporter.java:87)
at com.framework.utils.Reporter.reportStep(Reporter.java:110)
at com.framework.selenium.api.base.SeleniumBase.takeSnap(SeleniumBase.java:848)
at com.framework.utils.Reporter.reportStep(Reporter.java:87)
at com.framework.utils.Reporter.reportStep(Reporter.java:110)
at com.framework.selenium.api.base.SeleniumBase.takeSnap(SeleniumBase.java:848)
at com.framework.utils.Reporter.reportStep(Reporter.java:87)
at com.framework.utils.Reporter.reportStep(Reporter.java:110)
at com.framework.selenium.api.base.SeleniumBase.takeSnap(SeleniumBase.java:848)
at com.framework.utils.Reporter.reportStep(Reporter.java:87)
at com.framework.utils.Reporter.reportStep(Reporter.java:110)
at com.framework.selenium.api.base.SeleniumBase.takeSnap(SeleniumBase.java:848)
at com.framework.utils.Reporter.reportStep(Reporter.java:87)
at com.framework.utils.Reporter.reportStep(Reporter.java:110)
at com.framework.selenium.api.base.SeleniumBase.takeSnap(SeleniumBase.java:848)
at com.framework.utils.Reporter.reportStep(Reporter.java:87)
at com.framework.utils.Reporter.reportStep(Reporter.java:110)
at com.framework.selenium.api.base.SeleniumBase.takeSnap(SeleniumBase.java:848)
at com.framework.utils.Reporter.reportStep(Reporter.java:87)
at com.framework.utils.Reporter.reportStep(Reporter.java:110)
at com.framework.selenium.api.base.SeleniumBase.takeSnap(SeleniumBase.java:848)
at com.framework.utils.Reporter.reportStep(Reporter.java:87)
at com.framework.utils.Reporter.reportStep(Reporter.java:110)
at com.framework.selenium.api.base.SeleniumBase.takeSnap(SeleniumBase.java:848)
at com.framework.utils.Reporter.reportStep(Reporter.java:87)
at com.framework.utils.Reporter.reportStep(Reporter.java:110)
at com.framework.selenium.api.base.SeleniumBase.takeSnap(SeleniumBase.java:848)
at com.framework.utils.Reporter.reportStep(Reporter.java:87)
at com.framework.utils.Reporter.reportStep(Reporter.java:110)
at com.framework.selenium.api.base.SeleniumBase.takeSnap(SeleniumBase.java:848)
at com.framework.utils.Reporter.reportStep(Reporter.java:87)
at com.framework.utils.Reporter.reportStep(Reporter.java:110)
at com.framework.selenium.api.base.SeleniumBase.takeSnap(SeleniumBase.java:848)
at com.framework.utils.Reporter.reportStep(Reporter.java:87)
at com.framework.utils.Reporter.reportStep(Reporter.java:110)
at com.framework.selenium.api.base.SeleniumBase.takeSnap(SeleniumBase.java:848)
at com.framework.utils.Reporter.reportStep(Reporter.java:87)
at com.framework.utils.Reporter.reportStep(Reporter.java:110)
at com.framework.selenium.api.base.SeleniumBase.takeSnap(SeleniumBase.java:848)
at com.framework.utils.Reporter.reportStep(Reporter.java:87)
at com.framework.utils.Reporter.reportStep(Reporter.java:110)
at com.framework.selenium.api.base.SeleniumBase.takeSnap(SeleniumBase.java:848)
at com.framework.utils.Reporter.reportStep(Reporter.java:87)
at com.framework.utils.Reporter.reportStep(Reporter.java:110)
at com.framework.selenium.api.base.SeleniumBase.takeSnap(SeleniumBase.java:848)
at com.framework.utils.Reporter.reportStep(Reporter.java:87)
at com.framework.utils.Reporter.reportStep(Reporter.java:110)
at com.framework.selenium.api.base.SeleniumBase.takeSnap(SeleniumBase.java:848)
at com.framework.utils.Reporter.reportStep(Reporter.java:87)
at com.framework.utils.Reporter.reportStep(Reporter.java:110)
at com.framework.selenium.api.base.SeleniumBase.takeSnap(SeleniumBase.java:848)
at com.framework.utils.Reporter.reportStep(Reporter.java:87)
at com.framework.utils.Reporter.reportStep(Reporter.java:110)
at com.framework.selenium.api.base.SeleniumBase.takeSnap(SeleniumBase.java:848)
at com.framework.utils.Reporter.reportStep(Reporter.java:87)
at com.framework.utils.Reporter.reportStep(Reporter.java:110)
at com.framework.selenium.api.base.SeleniumBase.takeSnap(SeleniumBase.java:848)
at com.framework.utils.Reporter.reportStep(Reporter.java:87)
at com.framework.utils.Reporter.reportStep(Reporter.java:110)
at com.framework.selenium.api.base.SeleniumBase.takeSnap(SeleniumBase.java:848)
at com.framework.utils.Reporter.reportStep(Reporter.java:87)
at com.framework.utils.Reporter.reportStep(Reporter.java:110)
at com.framework.selenium.api.base.SeleniumBase.takeSnap(SeleniumBase.java:848)
at com.framework.utils.Reporter.reportStep(Reporter.java:87)
at com.framework.utils.Reporter.reportStep(Reporter.java:110)
at com.framework.selenium.api.base.SeleniumBase.takeSnap(SeleniumBase.java:848)
at com.framework.utils.Reporter.reportStep(Reporter.java:87)
at com.framework.utils.Reporter.reportStep(Reporter.java:110)
at com.framework.selenium.api.base.SeleniumBase.takeSnap(SeleniumBase.java:848)
at com.framework.utils.Reporter.reportStep(Reporter.java:87)
at com.framework.utils.Reporter.reportStep(Reporter.java:110)
at com.framework.selenium.api.base.SeleniumBase.takeSnap(SeleniumBase.java:848)
at com.framework.utils.Reporter.reportStep(Reporter.java:87)
at com.framework.utils.Reporter.reportStep(Reporter.java:110)
at com.framework.selenium.api.base.SeleniumBase.takeSnap(SeleniumBase.java:848)
at com.framework.utils.Reporter.reportStep(Reporter.java:87)
at com.framework.utils.Reporter.reportStep(Reporter.java:110)
at com.framework.selenium.api.base.SeleniumBase.takeSnap(SeleniumBase.java:848)
at com.framework.utils.Reporter.reportStep(Reporter.java:87)
at com.framework.utils.Reporter.reportStep(Reporter.java:110)
at com.framework.selenium.api.base.SeleniumBase.takeSnap(SeleniumBase.java:848)
at com.framework.utils.Reporter.reportStep(Reporter.java:87)
at com.framework.utils.Reporter.reportStep(Reporter.java:110)
at com.framework.selenium.api.base.SeleniumBase.takeSnap(SeleniumBase.java:848)
at com.framework.utils.Reporter.reportStep(Reporter.java:87)
at com.framework.utils.Reporter.reportStep(Reporter.java:110)
at com.framework.selenium.api.base.SeleniumBase.takeSnap(SeleniumBase.java:848)
at com.framework.utils.Reporter.reportStep(Reporter.java:87)
at com.framework.utils.Reporter.reportStep(Reporter.java:110)
at com.framework.selenium.api.base.SeleniumBase.takeSnap(SeleniumBase.java:848)
at com.framework.utils.Reporter.reportStep(Reporter.java:87)
at com.framework.utils.Reporter.reportStep(Reporter.java:110)
at com.framework.selenium.api.base.SeleniumBase.takeSnap(SeleniumBase.java:848)
at com.framework.utils.Reporter.reportStep(Reporter.java:87)
at com.framework.utils.Reporter.reportStep(Reporter.java:110)
at com.framework.selenium.api.base.SeleniumBase.takeSnap(SeleniumBase.java:848)
at com.framework.utils.Reporter.reportStep(Reporter.java:87)
at com.framework.utils.Reporter.reportStep(Reporter.java:110)
at com.framework.selenium.api.base.SeleniumBase.takeSnap(SeleniumBase.java:848)
at com.framework.utils.Reporter.reportStep(Reporter.java:87)
at com.framework.utils.Reporter.reportStep(Reporter.java:110)
at com.framework.selenium.api.base.SeleniumBase.takeSnap(SeleniumBase.java:848)
at com.framework.utils.Reporter.reportStep(Reporter.java:87)
at com.framework.utils.Reporter.reportStep(Reporter.java:110)
at com.framework.selenium.api.base.SeleniumBase.takeSnap(SeleniumBase.java:848)
at com.framework.utils.Reporter.reportStep(Reporter.java:87)
at com.framework.utils.Reporter.reportStep(Reporter.java:110)
at com.framework.selenium.api.base.SeleniumBase.takeSnap(SeleniumBase.java:848)
at com.framework.utils.Reporter.reportStep(Reporter.java:87)
at com.framework.utils.Reporter.reportStep(Reporter.java:110)
at com.framework.selenium.api.base.SeleniumBase.takeSnap(SeleniumBase.java:848)
at com.framework.utils.Reporter.reportStep(Reporter.java:87)
at com.framework.utils.Reporter.reportStep(Reporter.java:110)
at com.framework.selenium.api.base.SeleniumBase.takeSnap(SeleniumBase.java:848)
at com.framework.utils.Reporter.reportStep(Reporter.java:87)
at com.framework.utils.Reporter.reportStep(Reporter.java:110)
at com.framework.selenium.api.base.SeleniumBase.takeSnap(SeleniumBase.java:848)
at com.framework.utils.Reporter.reportStep(Reporter.java:87)
at com.framework.utils.Reporter.reportStep(Reporter.java:110)
at com.framework.selenium.api.base.SeleniumBase.takeSnap(SeleniumBase.java:848)
at com.framework.utils.Reporter.reportStep(Reporter.java:87)
at com.framework.utils.Reporter.reportStep(Reporter.java:110)
at com.framework.selenium.api.base.SeleniumBase.takeSnap(SeleniumBase.java:848)
at com.framework.utils.Reporter.reportStep(Reporter.java:87)
at com.framework.utils.Reporter.reportStep(Reporter.java:110)
at com.framework.selenium.api.base.SeleniumBase.takeSnap(SeleniumBase.java:848)
at com.framework.utils.Reporter.reportStep(Reporter.java:87)
at com.framework.utils.Reporter.reportStep(Reporter.java:110)
at com.framework.selenium.api.base.SeleniumBase.takeSnap(SeleniumBase.java:848)
at com.framework.utils.Reporter.reportStep(Reporter.java:87)
at com.framework.utils.Reporter.reportStep(Reporter.java:110)
at com.framework.selenium.api.base.SeleniumBase.takeSnap(SeleniumBase.java:848)
at com.framework.utils.Reporter.reportStep(Reporter.java:87)
at com.framework.utils.Reporter.reportStep(Reporter.java:110)
at com.framework.selenium.api.base.SeleniumBase.takeSnap(SeleniumBase.java:848)
at com.framework.utils.Reporter.reportStep(Reporter.java:87)
at com.framework.utils.Reporter.reportStep(Reporter.java:110)
at com.framework.selenium.api.base.SeleniumBase.takeSnap(SeleniumBase.java:848)
at com.framework.utils.Reporter.reportStep(Reporter.java:87)
at com.framework.utils.Reporter.reportStep(Reporter.java:110)
at com.framework.selenium.api.base.SeleniumBase.takeSnap(SeleniumBase.java:848)
at com.framework.utils.Reporter.reportStep(Reporter.java:87)
at com.framework.utils.Reporter.reportStep(Reporter.java:110)
at com.framework.selenium.api.base.SeleniumBase.takeSnap(SeleniumBase.java:848)
at com.framework.utils.Reporter.reportStep(Reporter.java:87)
at com.framework.utils.Reporter.reportStep(Reporter.java:110)
at com.framework.selenium.api.base.SeleniumBase.takeSnap(SeleniumBase.java:848)
at com.framework.utils.Reporter.reportStep(Reporter.java:87)
at com.framework.utils.Reporter.reportStep(Reporter.java:110)
at com.framework.selenium.api.base.SeleniumBase.takeSnap(SeleniumBase.java:848)
at com.framework.utils.Reporter.reportStep(Reporter.java:87)
at com.framework.utils.Reporter.reportStep(Reporter.java:110)
at com.framework.selenium.api.base.SeleniumBase.takeSnap(SeleniumBase.java:848)
at com.framework.utils.Reporter.reportStep(Reporter.java:87)
at com.framework.utils.Reporter.reportStep(Reporter.java:110)
at com.framework.selenium.api.base.SeleniumBase.takeSnap(SeleniumBase.java:848)
at com.framework.utils.Reporter.reportStep(Reporter.java:87)
at com.framework.utils.Reporter.reportStep(Reporter.java:110)
at com.framework.selenium.api.base.SeleniumBase.takeSnap(SeleniumBase.java:848)
at com.framework.utils.Reporter.reportStep(Reporter.java:87)
at com.framework.utils.Reporter.reportStep(Reporter.java:110)
at com.framework.selenium.api.base.SeleniumBase.takeSnap(SeleniumBase.java:848)
at com.framework.utils.Reporter.reportStep(Reporter.java:87)
at com.framework.utils.Reporter.reportStep(Reporter.java:110)
at com.framework.selenium.api.base.SeleniumBase.takeSnap(SeleniumBase.java:848)
at com.framework.utils.Reporter.reportStep(Reporter.java:87)
at com.framework.utils.Reporter.reportStep(Reporter.java:110)
at com.framework.selenium.api.base.SeleniumBase.takeSnap(SeleniumBase.java:848)
at com.framework.utils.Reporter.reportStep(Reporter.java:87)
at com.framework.utils.Reporter.reportStep(Reporter.java:110)
at com.framework.selenium.api.base.SeleniumBase.takeSnap(SeleniumBase.java:848)
at com.framework.utils.Reporter.reportStep(Reporter.java:87)
at com.framework.utils.Reporter.reportStep(Reporter.java:110)
at com.framework.selenium.api.base.SeleniumBase.takeSnap(SeleniumBase.java:848)
at com.framework.utils.Reporter.reportStep(Reporter.java:87)
at com.framework.utils.Reporter.reportStep(Reporter.java:110)
at com.framework.selenium.api.base.SeleniumBase.takeSnap(SeleniumBase.java:848)
at com.framework.utils.Reporter.reportStep(Reporter.java:87)
at com.framework.utils.Reporter.reportStep(Reporter.java:110)
at com.framework.selenium.api.base.SeleniumBase.takeSnap(SeleniumBase.java:848)
at com.framework.utils.Reporter.reportStep(Reporter.java:87)
at com.framework.utils.Reporter.reportStep(Reporter.java:110)
at com.framework.selenium.api.base.SeleniumBase.takeSnap(SeleniumBase.java:848)
at com.framework.utils.Reporter.reportStep(Reporter.java:87)
at com.framework.utils.Reporter.reportStep(Reporter.java:110)
at com.framework.selenium.api.base.SeleniumBase.takeSnap(SeleniumBase.java:848)
at com.framework.utils.Reporter.reportStep(Reporter.java:87)
at com.framework.utils.Reporter.reportStep(Reporter.java:110)
at com.framework.selenium.api.base.SeleniumBase.takeSnap(SeleniumBase.java:848)
at com.framework.utils.Reporter.reportStep(Reporter.java:87)
at com.framework.utils.Reporter.reportStep(Reporter.java:110)
at com.framework.selenium.api.base.SeleniumBase.takeSnap(SeleniumBase.java:848)
at com.framework.utils.Reporter.reportStep(Reporter.java:87)
at com.framework.utils.Reporter.reportStep(Reporter.java:110)
at com.framework.selenium.api.base.SeleniumBase.takeSnap(SeleniumBase.java:848)
at com.framework.utils.Reporter.reportStep(Reporter.java:87)
at com.framework.utils.Reporter.reportStep(Reporter.java:110)
at com.framework.selenium.api.base.SeleniumBase.takeSnap(SeleniumBase.java:848)
at com.framework.utils.Reporter.reportStep(Reporter.java:87)
at com.framework.utils.Reporter.reportStep(Reporter.java:110)
at com.framework.selenium.api.base.SeleniumBase.takeSnap(SeleniumBase.java:848)
at com.framework.utils.Reporter.reportStep(Reporter.java:87)
at com.framework.utils.Reporter.reportStep(Reporter.java:110)
at com.framework.selenium.api.base.SeleniumBase.takeSnap(SeleniumBase.java:848)
at com.framework.utils.Reporter.reportStep(Reporter.java:87)
at com.framework.utils.Reporter.reportStep(Reporter.java:110)
at com.framework.selenium.api.base.SeleniumBase.takeSnap(SeleniumBase.java:848)
at com.framework.utils.Reporter.reportStep(Reporter.java:87)
at com.framework.utils.Reporter.reportStep(Reporter.java:110)
at com.framework.selenium.api.base.SeleniumBase.takeSnap(SeleniumBase.java:848)
at com.framework.utils.Reporter.reportStep(Reporter.java:87)
at com.framework.utils.Reporter.reportStep(Reporter.java:110)
at com.framework.selenium.api.base.SeleniumBase.takeSnap(SeleniumBase.java:848)
at com.framework.utils.Reporter.reportStep(Reporter.java:87)
at com.framework.utils.Reporter.reportStep(Reporter.java:110)
at com.framework.selenium.api.base.SeleniumBase.takeSnap(SeleniumBase.java:848)
at com.framework.utils.Reporter.reportStep(Reporter.java:87)
at com.framework.utils.Reporter.reportStep(Reporter.java:110)
at com.framework.selenium.api.base.SeleniumBase.takeSnap(SeleniumBase.java:848)
at com.framework.utils.Reporter.reportStep(Reporter.java:87)
at com.framework.utils.Reporter.reportStep(Reporter.java:110)
at com.framework.selenium.api.base.SeleniumBase.takeSnap(SeleniumBase.java:848)
at com.framework.utils.Reporter.reportStep(Reporter.java:87)
at com.framework.utils.Reporter.reportStep(Reporter.java:110)
at com.framework.selenium.api.base.SeleniumBase.takeSnap(SeleniumBase.java:848)
at com.framework.utils.Reporter.reportStep(Reporter.java:87)
at com.framework.utils.Reporter.reportStep(Reporter.java:110)
at com.framework.selenium.api.base.SeleniumBase.takeSnap(SeleniumBase.java:848)
at com.framework.utils.Reporter.reportStep(Reporter.java:87)
at com.framework.utils.Reporter.reportStep(Reporter.java:110)
at com.framework.selenium.api.base.SeleniumBase.takeSnap(SeleniumBase.java:848)
at com.framework.utils.Reporter.reportStep(Reporter.java:87)
at com.framework.utils.Reporter.reportStep(Reporter.java:110)
at com.framework.selenium.api.base.SeleniumBase.takeSnap(SeleniumBase.java:848)
at com.framework.utils.Reporter.reportStep(Reporter.java:87)
at com.framework.utils.Reporter.reportStep(Reporter.java:110)
at com.framework.selenium.api.base.SeleniumBase.takeSnap(SeleniumBase.java:848)
at com.framework.utils.Reporter.reportStep(Reporter.java:87)
at com.framework.utils.Reporter.reportStep(Reporter.java:110)
at com.framework.selenium.api.base.SeleniumBase.takeSnap(SeleniumBase.java:848)
at com.framework.utils.Reporter.reportStep(Reporter.java:87)
at com.framework.utils.Reporter.reportStep(Reporter.java:110)
at com.framework.selenium.api.base.SeleniumBase.takeSnap(SeleniumBase.java:848)
at com.framework.utils.Reporter.reportStep(Reporter.java:87)
at com.framework.utils.Reporter.reportStep(Reporter.java:110)
at com.framework.selenium.api.base.SeleniumBase.takeSnap(SeleniumBase.java:848)
at com.framework.utils.Reporter.reportStep(Reporter.java:87)
at com.framework.utils.Reporter.reportStep(Reporter.java:110)
at com.framework.selenium.api.base.SeleniumBase.takeSnap(SeleniumBase.java:848)
at com.framework.utils.Reporter.reportStep(Reporter.java:87)
at com.framework.utils.Reporter.reportStep(Reporter.java:110)
at com.framework.selenium.api.base.SeleniumBase.takeSnap(SeleniumBase.java:848)
at com.framework.utils.Reporter.reportStep(Reporter.java:87)
at com.framework.utils.Reporter.reportStep(Reporter.java:110)
at com.framework.selenium.api.base.SeleniumBase.takeSnap(SeleniumBase.java:848)
at com.framework.utils.Reporter.reportStep(Reporter.java:87)
at com.framework.utils.Reporter.reportStep(Reporter.java:110)
at com.framework.selenium.api.base.SeleniumBase.takeSnap(SeleniumBase.java:848)
at com.framework.utils.Reporter.reportStep(Reporter.java:87)
at com.framework.utils.Reporter.reportStep(Reporter.java:110)
at com.framework.selenium.api.base.SeleniumBase.takeSnap(SeleniumBase.java:848)
at com.framework.utils.Reporter.reportStep(Reporter.java:87)
at com.framework.utils.Reporter.reportStep(Reporter.java:110)
at com.framework.selenium.api.base.SeleniumBase.takeSnap(SeleniumBase.java:848)
at com.framework.utils.Reporter.reportStep(Reporter.java:87)
at com.framework.utils.Reporter.reportStep(Reporter.java:110)
at com.framework.selenium.api.base.SeleniumBase.takeSnap(SeleniumBase.java:848)
at com.framework.utils.Reporter.reportStep(Reporter.java:87)
at com.framework.utils.Reporter.reportStep(Reporter.java:110)
at com.framework.selenium.api.base.SeleniumBase.takeSnap(SeleniumBase.java:848)
at com.framework.utils.Reporter.reportStep(Reporter.java:87)
at com.framework.utils.Reporter.reportStep(Reporter.java:110)
at com.framework.selenium.api.base.SeleniumBase.takeSnap(SeleniumBase.java:848)
at com.framework.utils.Reporter.reportStep(Reporter.java:87)
at com.framework.utils.Reporter.reportStep(Reporter.java:110)
at com.framework.selenium.api.base.SeleniumBase.takeSnap(SeleniumBase.java:848)
at com.framework.utils.Reporter.reportStep(Reporter.java:87)
at com.framework.utils.Reporter.reportStep(Reporter.java:110)
at com.framework.selenium.api.base.SeleniumBase.takeSnap(SeleniumBase.java:848)
at com.framework.utils.Reporter.reportStep(Reporter.java:87)
at com.framework.utils.Reporter.reportStep(Reporter.java:110)
at com.framework.selenium.api.base.SeleniumBase.takeSnap(SeleniumBase.java:848)
at com.framework.utils.Reporter.reportStep(Reporter.java:87)
at com.framework.utils.Reporter.reportStep(Reporter.java:110)
at com.framework.selenium.api.base.SeleniumBase.takeSnap(SeleniumBase.java:848)
at com.framework.utils.Reporter.reportStep(Reporter.java:87)
at com.framework.utils.Reporter.reportStep(Reporter.java:110)
at com.framework.selenium.api.base.SeleniumBase.takeSnap(SeleniumBase.java:848)
at com.framework.utils.Reporter.reportStep(Reporter.java:87)
at com.framework.utils.Reporter.reportStep(Reporter.java:110)
at com.framework.selenium.api.base.SeleniumBase.takeSnap(SeleniumBase.java:848)
]]>
    </error>
  </testcase> <!-- preCondition -->
  <system-out/>
</testsuite> <!-- com.leaftaps.testcases.TC001_VerifyLogin -->
