<?xml version="1.0" encoding="UTF-8"?>
<!-- Generated by org.testng.reporters.JUnitReportReporter -->
<testsuite skipped="0" hostname="DESKTOP-CSC3PTP" name="com.leaftaps.testcases.TC001_VerifyLogin" tests="1" failures="0" timestamp="2023-05-18T23:52:57 IST" time="21.746" errors="0">
  <testcase name="runLogin" time="21.746" classname="com.leaftaps.testcases.TC001_VerifyLogin"/>
  <system-out/>
</testsuite> <!-- com.leaftaps.testcases.TC001_VerifyLogin -->
