<?xml version="1.0" encoding="UTF-8"?>
<!-- Generated by org.testng.reporters.JUnitReportReporter -->
<testsuite skipped="0" hostname="DESKTOP-CSC3PTP" name="com.leaftaps.testcases.TC001_VerifyLogin" tests="1" failures="0" timestamp="2023-05-17T01:00:59 IST" time="8.803" errors="0">
  <testcase name="runLogin" time="8.803" classname="com.leaftaps.testcases.TC001_VerifyLogin"/>
  <system-out/>
</testsuite> <!-- com.leaftaps.testcases.TC001_VerifyLogin -->
